<?xml version="1.0" encoding="UTF-8"?>
<!-- Generated by org.testng.reporters.JUnitXMLReporter -->
<testsuite hostname="NUTHAN-PC" name="Default test" tests="1" failures="0" timestamp="21 Nov 2016 17:35:09 GMT" time="0.031" errors="0">
  <testcase name="@BeforeSuite intializeDriver" time="0.0" classname="github.tests.GitHubTest">
    <failure type="org.testng.TestNGException" message="
Parameter &amp;apos;browser&amp;apos; is required by @Configuration on method intializeDriver but has not been marked @Optional or defined
in C:\Users\NUTHAN\AppData\Local\Temp\testng-eclipse-903554200\testng-customsuite.xml">
      <![CDATA[org.testng.TestNGException: 
Parameter 'browser' is required by @Configuration on method intializeDriver but has not been marked @Optional or defined
in C:\Users\NUTHAN\AppData\Local\Temp\testng-eclipse-903554200\testng-customsuite.xml
	at org.testng.internal.Parameters.createParameters(Parameters.java:154)
	at org.testng.internal.Parameters.createParameters(Parameters.java:361)
	at org.testng.internal.Parameters.createConfigurationParameters(Parameters.java:84)
	at org.testng.internal.Invoker.invokeConfigurations(Invoker.java:197)
	at org.testng.internal.Invoker.invokeConfigurations(Invoker.java:138)
	at org.testng.SuiteRunner.privateRun(SuiteRunner.java:298)
	at org.testng.SuiteRunner.run(SuiteRunner.java:261)
	at org.testng.SuiteRunnerWorker.runSuite(SuiteRunnerWorker.java:52)
	at org.testng.SuiteRunnerWorker.run(SuiteRunnerWorker.java:86)
	at org.testng.TestNG.runSuitesSequentially(TestNG.java:1215)
	at org.testng.TestNG.runSuitesLocally(TestNG.java:1140)
	at org.testng.TestNG.run(TestNG.java:1048)
	at org.testng.remote.AbstractRemoteTestNG.run(AbstractRemoteTestNG.java:126)
	at org.testng.remote.RemoteTestNG.initAndRun(RemoteTestNG.java:141)
	at org.testng.remote.RemoteTestNG.main(RemoteTestNG.java:58)
]]>
    </failure>
  </testcase> <!-- @BeforeSuite intializeDriver -->
  <testcase name="@BeforeClass beforeClass" time="0.0" classname="github.tests.GitHubTest">
    <skipped/>
  </testcase> <!-- @BeforeClass beforeClass -->
  <testcase name="@AfterMethod afterMethod" time="0.0" classname="github.tests.GitHubTest">
    <skipped/>
  </testcase> <!-- @AfterMethod afterMethod -->
  <testcase name="@AfterClass afterClass" time="0.0" classname="github.tests.GitHubTest">
    <skipped/>
  </testcase> <!-- @AfterClass afterClass -->
  <testcase name="TC_Finace_001" time="0.015" classname="github.tests.GitHubTest">
    <skipped/>
  </testcase> <!-- TC_Finace_001 -->
</testsuite> <!-- Default test -->
